0 info it worked if it ends with ok
1 verbose cli [ '/usr/local/bin/node',
1 verbose cli   '/usr/local/bin/npm',
1 verbose cli   'run',
1 verbose cli   'production' ]
2 info using npm@3.10.6
3 info using node@v6.2.2
4 verbose run-script [ 'preproduction', 'production', 'postproduction' ]
5 info lifecycle get-weather@1.0.0~preproduction: get-weather@1.0.0
6 silly lifecycle get-weather@1.0.0~preproduction: no script for preproduction, continuing
7 info lifecycle get-weather@1.0.0~production: get-weather@1.0.0
8 verbose lifecycle get-weather@1.0.0~production: unsafe-perm in lifecycle true
9 verbose lifecycle get-weather@1.0.0~production: PATH: /usr/local/lib/node_modules/npm/bin/node-gyp-bin:/Users/alexsell/reactjs_program/get-weather/node_modules/.bin:/Library/Frameworks/Python.framework/Versions/3.4/bin:/Users/alexsell/.rvm/gems/ruby-2.3.1/bin:/Users/alexsell/.rvm/gems/ruby-2.3.1@global/bin:/Users/alexsell/.rvm/rubies/ruby-2.3.1/bin:/usr/local/bin:/usr/bin:/bin:/usr/sbin:/sbin:/usr/local/bin:/Users/alexsell/.rvm/bin
10 verbose lifecycle get-weather@1.0.0~production: CWD: /Users/alexsell/reactjs_program/get-weather
11 silly lifecycle get-weather@1.0.0~production: Args: [ '-c', 'webpack -p' ]
12 silly lifecycle get-weather@1.0.0~production: Returned: code: 1  signal: null
13 info lifecycle get-weather@1.0.0~production: Failed to exec production script
14 verbose stack Error: get-weather@1.0.0 production: `webpack -p`
14 verbose stack Exit status 1
14 verbose stack     at EventEmitter.<anonymous> (/usr/local/lib/node_modules/npm/lib/utils/lifecycle.js:255:16)
14 verbose stack     at emitTwo (events.js:106:13)
14 verbose stack     at EventEmitter.emit (events.js:191:7)
14 verbose stack     at ChildProcess.<anonymous> (/usr/local/lib/node_modules/npm/lib/utils/spawn.js:40:14)
14 verbose stack     at emitTwo (events.js:106:13)
14 verbose stack     at ChildProcess.emit (events.js:191:7)
14 verbose stack     at maybeClose (internal/child_process.js:852:16)
14 verbose stack     at Process.ChildProcess._handle.onexit (internal/child_process.js:215:5)
15 verbose pkgid get-weather@1.0.0
16 verbose cwd /Users/alexsell/reactjs_program/get-weather
17 error Darwin 15.6.0
18 error argv "/usr/local/bin/node" "/usr/local/bin/npm" "run" "production"
19 error node v6.2.2
20 error npm  v3.10.6
21 error code ELIFECYCLE
22 error get-weather@1.0.0 production: `webpack -p`
22 error Exit status 1
23 error Failed at the get-weather@1.0.0 production script 'webpack -p'.
23 error Make sure you have the latest version of node.js and npm installed.
23 error If you do, this is most likely a problem with the get-weather package,
23 error not with npm itself.
23 error Tell the author that this fails on your system:
23 error     webpack -p
23 error You can get information on how to open an issue for this project with:
23 error     npm bugs get-weather
23 error Or if that isn't available, you can get their info via:
23 error     npm owner ls get-weather
23 error There is likely additional logging output above.
24 verbose exit [ 1, true ]
